<?xml version="1.0" encoding="UTF-8"?>
<coverage generated="1651325812918" clover="3.2.0">
  <project timestamp="1651325812918" name="All files">
    <metrics statements="120" coveredstatements="105" conditionals="80" coveredconditionals="69" methods="56" coveredmethods="46" elements="256" coveredelements="220" complexity="0" loc="120" ncloc="120" packages="2" files="16" classes="16"/>
    <package name="Home">
      <metrics statements="97" coveredstatements="82" conditionals="48" coveredconditionals="39" methods="45" coveredmethods="35"/>
      <file name="Activity.tsx" path="/Users/rakeshsr/react-native/Tringconnect/src/Component/Home/Activity.tsx">
        <metrics statements="7" coveredstatements="7" conditionals="12" coveredconditionals="12" methods="4" coveredmethods="4"/>
        <line num="9" count="1" type="stmt"/>
        <line num="10" count="1" type="stmt"/>
        <line num="11" count="4" type="cond" truecount="2" falsecount="0"/>
        <line num="12" count="4" type="stmt"/>
        <line num="80" count="1" type="stmt"/>
        <line num="82" count="3" type="stmt"/>
        <line num="83" count="4" type="stmt"/>
      </file>
      <file name="Comments.tsx" path="/Users/rakeshsr/react-native/Tringconnect/src/Component/Home/Comments.tsx">
        <metrics statements="24" coveredstatements="14" conditionals="12" coveredconditionals="7" methods="11" coveredmethods="6"/>
        <line num="8" count="9" type="stmt"/>
        <line num="9" count="9" type="stmt"/>
        <line num="12" count="2" type="stmt"/>
        <line num="13" count="9" type="stmt"/>
        <line num="14" count="9" type="stmt"/>
        <line num="15" count="9" type="stmt"/>
        <line num="16" count="9" type="stmt"/>
        <line num="18" count="9" type="stmt"/>
        <line num="19" count="0" type="cond" truecount="0" falsecount="2"/>
        <line num="20" count="0" type="stmt"/>
        <line num="21" count="0" type="stmt"/>
        <line num="22" count="0" type="stmt"/>
        <line num="23" count="0" type="stmt"/>
        <line num="24" count="0" type="stmt"/>
        <line num="25" count="0" type="stmt"/>
        <line num="30" count="9" type="stmt"/>
        <line num="38" count="1" type="stmt"/>
        <line num="39" count="4" type="cond" truecount="2" falsecount="0"/>
        <line num="40" count="1" type="stmt"/>
        <line num="43" count="1" type="stmt"/>
        <line num="55" count="1" type="stmt"/>
        <line num="93" count="0" type="stmt"/>
        <line num="94" count="0" type="stmt"/>
        <line num="98" count="0" type="stmt"/>
      </file>
      <file name="LatestCourses.tsx" path="/Users/rakeshsr/react-native/Tringconnect/src/Component/Home/LatestCourses.tsx">
        <metrics statements="14" coveredstatements="14" conditionals="4" coveredconditionals="4" methods="8" coveredmethods="8"/>
        <line num="12" count="2" type="stmt"/>
        <line num="34" count="4" type="stmt"/>
        <line num="35" count="4" type="stmt"/>
        <line num="38" count="2" type="stmt"/>
        <line num="39" count="4" type="stmt"/>
        <line num="41" count="4" type="stmt"/>
        <line num="42" count="12" type="stmt"/>
        <line num="48" count="1" type="stmt"/>
        <line num="49" count="3" type="cond" truecount="2" falsecount="0"/>
        <line num="50" count="1" type="stmt"/>
        <line num="53" count="1" type="stmt"/>
        <line num="74" count="4" type="stmt"/>
        <line num="76" count="8" type="stmt"/>
        <line num="77" count="12" type="stmt"/>
      </file>
      <file name="RenderImageVideo.tsx" path="/Users/rakeshsr/react-native/Tringconnect/src/Component/Home/RenderImageVideo.tsx">
        <metrics statements="17" coveredstatements="14" conditionals="4" coveredconditionals="4" methods="10" coveredmethods="7"/>
        <line num="7" count="2" type="stmt"/>
        <line num="9" count="2" type="stmt"/>
        <line num="10" count="15" type="stmt"/>
        <line num="11" count="15" type="stmt"/>
        <line num="12" count="15" type="stmt"/>
        <line num="13" count="6" type="stmt"/>
        <line num="14" count="6" type="stmt"/>
        <line num="17" count="15" type="stmt"/>
        <line num="18" count="0" type="stmt"/>
        <line num="27" count="15" type="stmt"/>
        <line num="30" count="1" type="stmt"/>
        <line num="39" count="1" type="stmt"/>
        <line num="45" count="1" type="stmt"/>
        <line num="53" count="1" type="stmt"/>
        <line num="59" count="2" type="stmt"/>
        <line num="67" count="0" type="stmt"/>
        <line num="73" count="0" type="stmt"/>
      </file>
      <file name="Status.tsx" path="/Users/rakeshsr/react-native/Tringconnect/src/Component/Home/Status.tsx">
        <metrics statements="24" coveredstatements="22" conditionals="8" coveredconditionals="8" methods="11" coveredmethods="9"/>
        <line num="7" count="3" type="stmt"/>
        <line num="8" count="3" type="stmt"/>
        <line num="11" count="2" type="stmt"/>
        <line num="12" count="3" type="stmt"/>
        <line num="13" count="3" type="stmt"/>
        <line num="14" count="3" type="stmt"/>
        <line num="16" count="3" type="stmt"/>
        <line num="17" count="1" type="stmt"/>
        <line num="18" count="1" type="stmt"/>
        <line num="19" count="1" type="stmt"/>
        <line num="20" count="2" type="cond" truecount="2" falsecount="0"/>
        <line num="21" count="1" type="stmt"/>
        <line num="24" count="1" type="stmt"/>
        <line num="27" count="3" type="stmt"/>
        <line num="28" count="10" type="stmt"/>
        <line num="29" count="10" type="cond" truecount="2" falsecount="0"/>
        <line num="30" count="3" type="stmt"/>
        <line num="42" count="7" type="stmt"/>
        <line num="43" count="1" type="stmt"/>
        <line num="58" count="3" type="stmt"/>
        <line num="62" count="7" type="stmt"/>
        <line num="63" count="10" type="stmt"/>
        <line num="70" count="0" type="stmt"/>
        <line num="75" count="0" type="stmt"/>
      </file>
      <file name="activity-style.ts" path="/Users/rakeshsr/react-native/Tringconnect/src/Component/Home/activity-style.ts">
        <metrics statements="1" coveredstatements="1" conditionals="0" coveredconditionals="0" methods="0" coveredmethods="0"/>
        <line num="3" count="3" type="stmt"/>
      </file>
      <file name="comment-style.ts" path="/Users/rakeshsr/react-native/Tringconnect/src/Component/Home/comment-style.ts">
        <metrics statements="2" coveredstatements="2" conditionals="2" coveredconditionals="1" methods="0" coveredmethods="0"/>
        <line num="3" count="2" type="stmt"/>
        <line num="5" count="2" type="stmt"/>
      </file>
      <file name="data.ts" path="/Users/rakeshsr/react-native/Tringconnect/src/Component/Home/data.ts">
        <metrics statements="2" coveredstatements="2" conditionals="0" coveredconditionals="0" methods="0" coveredmethods="0"/>
        <line num="1" count="2" type="stmt"/>
        <line num="53" count="2" type="stmt"/>
      </file>
      <file name="index.tsx" path="/Users/rakeshsr/react-native/Tringconnect/src/Component/Home/index.tsx">
        <metrics statements="3" coveredstatements="3" conditionals="2" coveredconditionals="1" methods="1" coveredmethods="1"/>
        <line num="7" count="1" type="stmt"/>
        <line num="8" count="1" type="stmt"/>
        <line num="20" count="1" type="stmt"/>
      </file>
      <file name="latest-courses.ts" path="/Users/rakeshsr/react-native/Tringconnect/src/Component/Home/latest-courses.ts">
        <metrics statements="1" coveredstatements="1" conditionals="0" coveredconditionals="0" methods="0" coveredmethods="0"/>
        <line num="3" count="2" type="stmt"/>
      </file>
      <file name="status-style.tsx" path="/Users/rakeshsr/react-native/Tringconnect/src/Component/Home/status-style.tsx">
        <metrics statements="2" coveredstatements="2" conditionals="4" coveredconditionals="2" methods="0" coveredmethods="0"/>
        <line num="2" count="2" type="stmt"/>
        <line num="4" count="2" type="stmt"/>
      </file>
    </package>
    <package name="Layout">
      <metrics statements="23" coveredstatements="23" conditionals="32" coveredconditionals="30" methods="11" coveredmethods="11"/>
      <file name="BottomNavigation.tsx" path="/Users/rakeshsr/react-native/Tringconnect/src/Component/Layout/BottomNavigation.tsx">
        <metrics statements="8" coveredstatements="8" conditionals="20" coveredconditionals="20" methods="6" coveredmethods="6"/>
        <line num="5" count="2" type="stmt"/>
        <line num="6" count="10" type="stmt"/>
        <line num="7" count="10" type="stmt"/>
        <line num="10" count="1" type="stmt"/>
        <line num="21" count="1" type="stmt"/>
        <line num="32" count="1" type="stmt"/>
        <line num="43" count="1" type="stmt"/>
        <line num="54" count="1" type="stmt"/>
      </file>
      <file name="Header.tsx" path="/Users/rakeshsr/react-native/Tringconnect/src/Component/Layout/Header.tsx">
        <metrics statements="10" coveredstatements="10" conditionals="8" coveredconditionals="8" methods="4" coveredmethods="4"/>
        <line num="5" count="2" type="stmt"/>
        <line num="6" count="7" type="stmt"/>
        <line num="7" count="7" type="stmt"/>
        <line num="8" count="7" type="stmt"/>
        <line num="9" count="7" type="stmt"/>
        <line num="11" count="7" type="stmt"/>
        <line num="14" count="1" type="stmt"/>
        <line num="31" count="1" type="stmt"/>
        <line num="32" count="1" type="stmt"/>
        <line num="44" count="1" type="stmt"/>
      </file>
      <file name="bottom-style.ts" path="/Users/rakeshsr/react-native/Tringconnect/src/Component/Layout/bottom-style.ts">
        <metrics statements="1" coveredstatements="1" conditionals="0" coveredconditionals="0" methods="0" coveredmethods="0"/>
        <line num="3" count="2" type="stmt"/>
      </file>
      <file name="header-style.ts" path="/Users/rakeshsr/react-native/Tringconnect/src/Component/Layout/header-style.ts">
        <metrics statements="2" coveredstatements="2" conditionals="4" coveredconditionals="2" methods="0" coveredmethods="0"/>
        <line num="3" count="2" type="stmt"/>
        <line num="5" count="2" type="stmt"/>
      </file>
      <file name="index.tsx" path="/Users/rakeshsr/react-native/Tringconnect/src/Component/Layout/index.tsx">
        <metrics statements="2" coveredstatements="2" conditionals="0" coveredconditionals="0" methods="1" coveredmethods="1"/>
        <line num="6" count="1" type="stmt"/>
        <line num="7" count="1" type="stmt"/>
      </file>
    </package>
  </project>
</coverage>
