{"/Users/rakeshsr/react-native/Tringconnect/src/Component/Home/Activity.tsx": {"path":"/Users/rakeshsr/react-native/Tringconnect/src/Component/Home/Activity.tsx","statementMap":{"0":{"start":{"line":9,"column":24},"end":{"line":89,"column":1}},"1":{"start":{"line":10,"column":17},"end":{"line":79,"column":3}},"2":{"start":{"line":11,"column":17},"end":{"line":11,"column":75}},"3":{"start":{"line":12,"column":4},"end":{"line":78,"column":6}},"4":{"start":{"line":80,"column":2},"end":{"line":88,"column":4}},"5":{"start":{"line":82,"column":36},"end":{"line":82,"column":69}},"6":{"start":{"line":83,"column":35},"end":{"line":83,"column":51}}},"fnMap":{"0":{"name":"(anonymous_0)","decl":{"start":{"line":9,"column":24},"end":{"line":9,"column":25}},"loc":{"start":{"line":9,"column":30},"end":{"line":89,"column":1}},"line":9},"1":{"name":"(anonymous_1)","decl":{"start":{"line":10,"column":17},"end":{"line":10,"column":18}},"loc":{"start":{"line":10,"column":41},"end":{"line":79,"column":3}},"line":10},"2":{"name":"(anonymous_2)","decl":{"start":{"line":82,"column":30},"end":{"line":82,"column":31}},"loc":{"start":{"line":82,"column":36},"end":{"line":82,"column":69}},"line":82},"3":{"name":"(anonymous_3)","decl":{"start":{"line":83,"column":20},"end":{"line":83,"column":21}},"loc":{"start":{"line":83,"column":35},"end":{"line":83,"column":51}},"line":83}},"branchMap":{"0":{"loc":{"start":{"line":11,"column":17},"end":{"line":11,"column":75}},"type":"cond-expr","locations":[{"start":{"line":11,"column":29},"end":{"line":11,"column":38}},{"start":{"line":11,"column":41},"end":{"line":11,"column":75}}],"line":11},"1":{"loc":{"start":{"line":17,"column":15},"end":{"line":19,"column":15}},"type":"binary-expr","locations":[{"start":{"line":17,"column":15},"end":{"line":17,"column":33}},{"start":{"line":18,"column":16},"end":{"line":18,"column":74}}],"line":17},"2":{"loc":{"start":{"line":22,"column":17},"end":{"line":24,"column":17}},"type":"binary-expr","locations":[{"start":{"line":22,"column":17},"end":{"line":22,"column":35}},{"start":{"line":23,"column":18},"end":{"line":23,"column":62}}],"line":22},"3":{"loc":{"start":{"line":35,"column":11},"end":{"line":43,"column":11}},"type":"binary-expr","locations":[{"start":{"line":35,"column":11},"end":{"line":35,"column":29}},{"start":{"line":36,"column":12},"end":{"line":42,"column":19}}],"line":35},"4":{"loc":{"start":{"line":45,"column":9},"end":{"line":75,"column":9}},"type":"cond-expr","locations":[{"start":{"line":46,"column":10},"end":{"line":48,"column":17}},{"start":{"line":50,"column":10},"end":{"line":74,"column":13}}],"line":45},"5":{"loc":{"start":{"line":51,"column":13},"end":{"line":73,"column":13}},"type":"cond-expr","locations":[{"start":{"line":52,"column":14},"end":{"line":70,"column":21}},{"start":{"line":72,"column":14},"end":{"line":72,"column":48}}],"line":51}},"s":{"0":1,"1":1,"2":4,"3":4,"4":1,"5":3,"6":4},"f":{"0":1,"1":4,"2":3,"3":4},"b":{"0":[1,3],"1":[4,3],"2":[4,3],"3":[4,3],"4":[1,3],"5":[1,2]},"_coverageSchema":"1a1c01bbd47fc00a2c39e90264f33305004495a9","hash":"c46ed06b61a77142b2d5b75ea924bcf97c303552"}
,"/Users/rakeshsr/react-native/Tringconnect/src/Component/Home/Comments.tsx": {"path":"/Users/rakeshsr/react-native/Tringconnect/src/Component/Home/Comments.tsx","statementMap":{"0":{"start":{"line":8,"column":28},"end":{"line":8,"column":43}},"1":{"start":{"line":9,"column":2},"end":{"line":9,"column":32}},"2":{"start":{"line":9,"column":15},"end":{"line":9,"column":31}},"3":{"start":{"line":12,"column":24},"end":{"line":144,"column":1}},"4":{"start":{"line":13,"column":26},"end":{"line":13,"column":38}},"5":{"start":{"line":14,"column":28},"end":{"line":14,"column":43}},"6":{"start":{"line":15,"column":22},"end":{"line":15,"column":38}},"7":{"start":{"line":16,"column":34},"end":{"line":16,"column":46}},"8":{"start":{"line":18,"column":17},"end":{"line":28,"column":3}},"9":{"start":{"line":19,"column":4},"end":{"line":27,"column":5}},"10":{"start":{"line":20,"column":24},"end":{"line":20,"column":32}},"11":{"start":{"line":21,"column":6},"end":{"line":21,"column":22}},"12":{"start":{"line":22,"column":6},"end":{"line":22,"column":24}},"13":{"start":{"line":23,"column":6},"end":{"line":26,"column":14}},"14":{"start":{"line":24,"column":8},"end":{"line":24,"column":20}},"15":{"start":{"line":25,"column":8},"end":{"line":25,"column":22}},"16":{"start":{"line":30,"column":2},"end":{"line":143,"column":4}},"17":{"start":{"line":38,"column":14},"end":{"line":42,"column":17}},"18":{"start":{"line":39,"column":16},"end":{"line":41,"column":17}},"19":{"start":{"line":40,"column":18},"end":{"line":40,"column":43}},"20":{"start":{"line":43,"column":14},"end":{"line":43,"column":28}},"21":{"start":{"line":55,"column":36},"end":{"line":55,"column":48}},"22":{"start":{"line":93,"column":40},"end":{"line":93,"column":68}},"23":{"start":{"line":94,"column":39},"end":{"line":94,"column":55}},"24":{"start":{"line":98,"column":12},"end":{"line":114,"column":14}}},"fnMap":{"0":{"name":"useForceUpdate","decl":{"start":{"line":7,"column":9},"end":{"line":7,"column":23}},"loc":{"start":{"line":7,"column":26},"end":{"line":10,"column":1}},"line":7},"1":{"name":"(anonymous_1)","decl":{"start":{"line":9,"column":9},"end":{"line":9,"column":10}},"loc":{"start":{"line":9,"column":15},"end":{"line":9,"column":31}},"line":9},"2":{"name":"(anonymous_2)","decl":{"start":{"line":12,"column":24},"end":{"line":12,"column":25}},"loc":{"start":{"line":12,"column":48},"end":{"line":144,"column":1}},"line":12},"3":{"name":"(anonymous_3)","decl":{"start":{"line":18,"column":17},"end":{"line":18,"column":18}},"loc":{"start":{"line":18,"column":23},"end":{"line":28,"column":3}},"line":18},"4":{"name":"(anonymous_4)","decl":{"start":{"line":23,"column":17},"end":{"line":23,"column":18}},"loc":{"start":{"line":23,"column":23},"end":{"line":26,"column":7}},"line":23},"5":{"name":"(anonymous_5)","decl":{"start":{"line":37,"column":21},"end":{"line":37,"column":22}},"loc":{"start":{"line":37,"column":27},"end":{"line":44,"column":13}},"line":37},"6":{"name":"(anonymous_6)","decl":{"start":{"line":38,"column":27},"end":{"line":38,"column":28}},"loc":{"start":{"line":38,"column":53},"end":{"line":42,"column":15}},"line":38},"7":{"name":"(anonymous_7)","decl":{"start":{"line":55,"column":30},"end":{"line":55,"column":31}},"loc":{"start":{"line":55,"column":36},"end":{"line":55,"column":48}},"line":55},"8":{"name":"(anonymous_8)","decl":{"start":{"line":93,"column":34},"end":{"line":93,"column":35}},"loc":{"start":{"line":93,"column":40},"end":{"line":93,"column":68}},"line":93},"9":{"name":"(anonymous_9)","decl":{"start":{"line":94,"column":24},"end":{"line":94,"column":25}},"loc":{"start":{"line":94,"column":39},"end":{"line":94,"column":55}},"line":94},"10":{"name":"(anonymous_10)","decl":{"start":{"line":97,"column":22},"end":{"line":97,"column":23}},"loc":{"start":{"line":97,"column":41},"end":{"line":115,"column":11}},"line":97}},"branchMap":{"0":{"loc":{"start":{"line":19,"column":4},"end":{"line":27,"column":5}},"type":"if","locations":[{"start":{"line":19,"column":4},"end":{"line":27,"column":5}},{"start":{},"end":{}}],"line":19},"1":{"loc":{"start":{"line":39,"column":16},"end":{"line":41,"column":17}},"type":"if","locations":[{"start":{"line":39,"column":16},"end":{"line":41,"column":17}},{"start":{},"end":{}}],"line":39},"2":{"loc":{"start":{"line":47,"column":16},"end":{"line":49,"column":53}},"type":"cond-expr","locations":[{"start":{"line":48,"column":20},"end":{"line":48,"column":60}},{"start":{"line":49,"column":20},"end":{"line":49,"column":53}}],"line":47},"3":{"loc":{"start":{"line":54,"column":50},"end":{"line":54,"column":68}},"type":"cond-expr","locations":[{"start":{"line":54,"column":62},"end":{"line":54,"column":64}},{"start":{"line":54,"column":67},"end":{"line":54,"column":68}}],"line":54},"4":{"loc":{"start":{"line":88,"column":29},"end":{"line":88,"column":47}},"type":"cond-expr","locations":[{"start":{"line":88,"column":41},"end":{"line":88,"column":42}},{"start":{"line":88,"column":45},"end":{"line":88,"column":47}}],"line":88},"5":{"loc":{"start":{"line":117,"column":9},"end":{"line":140,"column":9}},"type":"binary-expr","locations":[{"start":{"line":117,"column":9},"end":{"line":117,"column":16}},{"start":{"line":118,"column":10},"end":{"line":139,"column":17}}],"line":117}},"s":{"0":9,"1":9,"2":1,"3":2,"4":9,"5":9,"6":9,"7":9,"8":9,"9":0,"10":0,"11":0,"12":0,"13":0,"14":0,"15":0,"16":9,"17":1,"18":4,"19":1,"20":1,"21":1,"22":0,"23":0,"24":0},"f":{"0":9,"1":1,"2":9,"3":0,"4":0,"5":1,"6":4,"7":1,"8":0,"9":0,"10":0},"b":{"0":[0,0],"1":[1,3],"2":[0,9],"3":[0,9],"4":[0,9],"5":[9,1]},"_coverageSchema":"1a1c01bbd47fc00a2c39e90264f33305004495a9","hash":"327c6cc9568631ac6913a88e70da7a8e9c08c35d"}
,"/Users/rakeshsr/react-native/Tringconnect/src/Component/Home/LatestCourses.tsx": {"path":"/Users/rakeshsr/react-native/Tringconnect/src/Component/Home/LatestCourses.tsx","statementMap":{"0":{"start":{"line":12,"column":16},"end":{"line":31,"column":1}},"1":{"start":{"line":34,"column":28},"end":{"line":34,"column":43}},"2":{"start":{"line":35,"column":2},"end":{"line":35,"column":32}},"3":{"start":{"line":35,"column":15},"end":{"line":35,"column":31}},"4":{"start":{"line":38,"column":29},"end":{"line":83,"column":1}},"5":{"start":{"line":39,"column":22},"end":{"line":39,"column":38}},"6":{"start":{"line":41,"column":17},"end":{"line":73,"column":3}},"7":{"start":{"line":42,"column":4},"end":{"line":72,"column":6}},"8":{"start":{"line":48,"column":12},"end":{"line":52,"column":15}},"9":{"start":{"line":49,"column":14},"end":{"line":51,"column":15}},"10":{"start":{"line":50,"column":16},"end":{"line":50,"column":49}},"11":{"start":{"line":53,"column":12},"end":{"line":53,"column":26}},"12":{"start":{"line":74,"column":2},"end":{"line":82,"column":4}},"13":{"start":{"line":76,"column":36},"end":{"line":76,"column":68}},"14":{"start":{"line":77,"column":35},"end":{"line":77,"column":51}}},"fnMap":{"0":{"name":"useForceUpdate","decl":{"start":{"line":33,"column":9},"end":{"line":33,"column":23}},"loc":{"start":{"line":33,"column":26},"end":{"line":36,"column":1}},"line":33},"1":{"name":"(anonymous_1)","decl":{"start":{"line":35,"column":9},"end":{"line":35,"column":10}},"loc":{"start":{"line":35,"column":15},"end":{"line":35,"column":31}},"line":35},"2":{"name":"(anonymous_2)","decl":{"start":{"line":38,"column":29},"end":{"line":38,"column":30}},"loc":{"start":{"line":38,"column":35},"end":{"line":83,"column":1}},"line":38},"3":{"name":"(anonymous_3)","decl":{"start":{"line":41,"column":17},"end":{"line":41,"column":18}},"loc":{"start":{"line":41,"column":41},"end":{"line":73,"column":3}},"line":41},"4":{"name":"(anonymous_4)","decl":{"start":{"line":47,"column":19},"end":{"line":47,"column":20}},"loc":{"start":{"line":47,"column":25},"end":{"line":54,"column":11}},"line":47},"5":{"name":"(anonymous_5)","decl":{"start":{"line":48,"column":24},"end":{"line":48,"column":25}},"loc":{"start":{"line":48,"column":50},"end":{"line":52,"column":13}},"line":48},"6":{"name":"(anonymous_6)","decl":{"start":{"line":76,"column":30},"end":{"line":76,"column":31}},"loc":{"start":{"line":76,"column":36},"end":{"line":76,"column":68}},"line":76},"7":{"name":"(anonymous_7)","decl":{"start":{"line":77,"column":20},"end":{"line":77,"column":21}},"loc":{"start":{"line":77,"column":35},"end":{"line":77,"column":51}},"line":77}},"branchMap":{"0":{"loc":{"start":{"line":49,"column":14},"end":{"line":51,"column":15}},"type":"if","locations":[{"start":{"line":49,"column":14},"end":{"line":51,"column":15}},{"start":{},"end":{}}],"line":49},"1":{"loc":{"start":{"line":57,"column":14},"end":{"line":59,"column":51}},"type":"cond-expr","locations":[{"start":{"line":58,"column":18},"end":{"line":58,"column":58}},{"start":{"line":59,"column":18},"end":{"line":59,"column":51}}],"line":57}},"s":{"0":2,"1":4,"2":4,"3":1,"4":2,"5":4,"6":4,"7":12,"8":1,"9":3,"10":1,"11":1,"12":4,"13":8,"14":12},"f":{"0":4,"1":1,"2":4,"3":12,"4":1,"5":3,"6":8,"7":12},"b":{"0":[1,2],"1":[1,11]},"_coverageSchema":"1a1c01bbd47fc00a2c39e90264f33305004495a9","hash":"62be16291b70eeb18219775f7c639e66f6f10fb0"}
,"/Users/rakeshsr/react-native/Tringconnect/src/Component/Home/RenderImageVideo.tsx": {"path":"/Users/rakeshsr/react-native/Tringconnect/src/Component/Home/RenderImageVideo.tsx","statementMap":{"0":{"start":{"line":7,"column":14},"end":{"line":7,"column":50}},"1":{"start":{"line":9,"column":34},"end":{"line":92,"column":1}},"2":{"start":{"line":10,"column":44},"end":{"line":10,"column":59}},"3":{"start":{"line":11,"column":28},"end":{"line":11,"column":39}},"4":{"start":{"line":12,"column":22},"end":{"line":15,"column":3}},"5":{"start":{"line":13,"column":4},"end":{"line":13,"column":20}},"6":{"start":{"line":14,"column":4},"end":{"line":14,"column":37}},"7":{"start":{"line":17,"column":17},"end":{"line":25,"column":3}},"8":{"start":{"line":18,"column":4},"end":{"line":24,"column":6}},"9":{"start":{"line":27,"column":2},"end":{"line":91,"column":4}},"10":{"start":{"line":30,"column":34},"end":{"line":30,"column":48}},"11":{"start":{"line":39,"column":29},"end":{"line":39,"column":43}},"12":{"start":{"line":45,"column":29},"end":{"line":45,"column":43}},"13":{"start":{"line":53,"column":29},"end":{"line":53,"column":43}},"14":{"start":{"line":59,"column":29},"end":{"line":59,"column":43}},"15":{"start":{"line":67,"column":31},"end":{"line":67,"column":53}},"16":{"start":{"line":73,"column":27},"end":{"line":73,"column":49}}},"fnMap":{"0":{"name":"(anonymous_0)","decl":{"start":{"line":9,"column":34},"end":{"line":9,"column":35}},"loc":{"start":{"line":9,"column":51},"end":{"line":92,"column":1}},"line":9},"1":{"name":"(anonymous_1)","decl":{"start":{"line":12,"column":22},"end":{"line":12,"column":23}},"loc":{"start":{"line":12,"column":31},"end":{"line":15,"column":3}},"line":12},"2":{"name":"(anonymous_2)","decl":{"start":{"line":17,"column":17},"end":{"line":17,"column":18}},"loc":{"start":{"line":17,"column":34},"end":{"line":25,"column":3}},"line":17},"3":{"name":"(anonymous_3)","decl":{"start":{"line":30,"column":28},"end":{"line":30,"column":29}},"loc":{"start":{"line":30,"column":34},"end":{"line":30,"column":48}},"line":30},"4":{"name":"(anonymous_4)","decl":{"start":{"line":39,"column":23},"end":{"line":39,"column":24}},"loc":{"start":{"line":39,"column":29},"end":{"line":39,"column":43}},"line":39},"5":{"name":"(anonymous_5)","decl":{"start":{"line":45,"column":23},"end":{"line":45,"column":24}},"loc":{"start":{"line":45,"column":29},"end":{"line":45,"column":43}},"line":45},"6":{"name":"(anonymous_6)","decl":{"start":{"line":53,"column":23},"end":{"line":53,"column":24}},"loc":{"start":{"line":53,"column":29},"end":{"line":53,"column":43}},"line":53},"7":{"name":"(anonymous_7)","decl":{"start":{"line":59,"column":23},"end":{"line":59,"column":24}},"loc":{"start":{"line":59,"column":29},"end":{"line":59,"column":43}},"line":59},"8":{"name":"(anonymous_8)","decl":{"start":{"line":67,"column":25},"end":{"line":67,"column":26}},"loc":{"start":{"line":67,"column":31},"end":{"line":67,"column":53}},"line":67},"9":{"name":"(anonymous_9)","decl":{"start":{"line":73,"column":21},"end":{"line":73,"column":22}},"loc":{"start":{"line":73,"column":27},"end":{"line":73,"column":49}},"line":73}},"branchMap":{"0":{"loc":{"start":{"line":29,"column":7},"end":{"line":33,"column":7}},"type":"binary-expr","locations":[{"start":{"line":29,"column":7},"end":{"line":29,"column":30}},{"start":{"line":30,"column":8},"end":{"line":32,"column":20}}],"line":29},"1":{"loc":{"start":{"line":34,"column":7},"end":{"line":65,"column":7}},"type":"binary-expr","locations":[{"start":{"line":34,"column":7},"end":{"line":34,"column":29}},{"start":{"line":35,"column":8},"end":{"line":64,"column":11}}],"line":34}},"s":{"0":2,"1":2,"2":15,"3":15,"4":15,"5":6,"6":6,"7":15,"8":0,"9":15,"10":1,"11":1,"12":1,"13":1,"14":2,"15":0,"16":0},"f":{"0":15,"1":6,"2":0,"3":1,"4":1,"5":1,"6":1,"7":2,"8":0,"9":0},"b":{"0":[15,4],"1":[15,11]},"_coverageSchema":"1a1c01bbd47fc00a2c39e90264f33305004495a9","hash":"9fdabd1c1ad213df4e31c9976cbb434952d9b39d"}
,"/Users/rakeshsr/react-native/Tringconnect/src/Component/Home/Status.tsx": {"path":"/Users/rakeshsr/react-native/Tringconnect/src/Component/Home/Status.tsx","statementMap":{"0":{"start":{"line":7,"column":28},"end":{"line":7,"column":43}},"1":{"start":{"line":8,"column":2},"end":{"line":8,"column":32}},"2":{"start":{"line":8,"column":15},"end":{"line":8,"column":31}},"3":{"start":{"line":11,"column":22},"end":{"line":91,"column":1}},"4":{"start":{"line":12,"column":22},"end":{"line":12,"column":38}},"5":{"start":{"line":13,"column":44},"end":{"line":13,"column":59}},"6":{"start":{"line":14,"column":34},"end":{"line":14,"column":46}},"7":{"start":{"line":16,"column":18},"end":{"line":25,"column":3}},"8":{"start":{"line":17,"column":4},"end":{"line":17,"column":37}},"9":{"start":{"line":18,"column":4},"end":{"line":18,"column":26}},"10":{"start":{"line":19,"column":4},"end":{"line":23,"column":7}},"11":{"start":{"line":20,"column":6},"end":{"line":22,"column":7}},"12":{"start":{"line":21,"column":8},"end":{"line":21,"column":28}},"13":{"start":{"line":24,"column":4},"end":{"line":24,"column":18}},"14":{"start":{"line":27,"column":17},"end":{"line":57,"column":3}},"15":{"start":{"line":28,"column":19},"end":{"line":28,"column":35}},"16":{"start":{"line":29,"column":4},"end":{"line":41,"column":5}},"17":{"start":{"line":30,"column":6},"end":{"line":40,"column":8}},"18":{"start":{"line":42,"column":4},"end":{"line":56,"column":6}},"19":{"start":{"line":43,"column":32},"end":{"line":43,"column":46}},"20":{"start":{"line":58,"column":2},"end":{"line":90,"column":4}},"21":{"start":{"line":62,"column":40},"end":{"line":62,"column":67}},"22":{"start":{"line":63,"column":39},"end":{"line":63,"column":55}},"23":{"start":{"line":70,"column":31},"end":{"line":70,"column":53}},"24":{"start":{"line":75,"column":27},"end":{"line":75,"column":49}}},"fnMap":{"0":{"name":"useForceUpdate","decl":{"start":{"line":6,"column":9},"end":{"line":6,"column":23}},"loc":{"start":{"line":6,"column":26},"end":{"line":9,"column":1}},"line":6},"1":{"name":"(anonymous_1)","decl":{"start":{"line":8,"column":9},"end":{"line":8,"column":10}},"loc":{"start":{"line":8,"column":15},"end":{"line":8,"column":31}},"line":8},"2":{"name":"(anonymous_2)","decl":{"start":{"line":11,"column":22},"end":{"line":11,"column":23}},"loc":{"start":{"line":11,"column":41},"end":{"line":91,"column":1}},"line":11},"3":{"name":"(anonymous_3)","decl":{"start":{"line":16,"column":18},"end":{"line":16,"column":19}},"loc":{"start":{"line":16,"column":34},"end":{"line":25,"column":3}},"line":16},"4":{"name":"(anonymous_4)","decl":{"start":{"line":19,"column":15},"end":{"line":19,"column":16}},"loc":{"start":{"line":19,"column":41},"end":{"line":23,"column":5}},"line":19},"5":{"name":"(anonymous_5)","decl":{"start":{"line":27,"column":17},"end":{"line":27,"column":18}},"loc":{"start":{"line":27,"column":41},"end":{"line":57,"column":3}},"line":27},"6":{"name":"(anonymous_6)","decl":{"start":{"line":43,"column":26},"end":{"line":43,"column":27}},"loc":{"start":{"line":43,"column":32},"end":{"line":43,"column":46}},"line":43},"7":{"name":"(anonymous_7)","decl":{"start":{"line":62,"column":34},"end":{"line":62,"column":35}},"loc":{"start":{"line":62,"column":40},"end":{"line":62,"column":67}},"line":62},"8":{"name":"(anonymous_8)","decl":{"start":{"line":63,"column":24},"end":{"line":63,"column":25}},"loc":{"start":{"line":63,"column":39},"end":{"line":63,"column":55}},"line":63},"9":{"name":"(anonymous_9)","decl":{"start":{"line":70,"column":25},"end":{"line":70,"column":26}},"loc":{"start":{"line":70,"column":31},"end":{"line":70,"column":53}},"line":70},"10":{"name":"(anonymous_10)","decl":{"start":{"line":75,"column":21},"end":{"line":75,"column":22}},"loc":{"start":{"line":75,"column":27},"end":{"line":75,"column":49}},"line":75}},"branchMap":{"0":{"loc":{"start":{"line":20,"column":6},"end":{"line":22,"column":7}},"type":"if","locations":[{"start":{"line":20,"column":6},"end":{"line":22,"column":7}},{"start":{},"end":{}}],"line":20},"1":{"loc":{"start":{"line":29,"column":4},"end":{"line":41,"column":5}},"type":"if","locations":[{"start":{"line":29,"column":4},"end":{"line":41,"column":5}},{"start":{},"end":{}}],"line":29},"2":{"loc":{"start":{"line":48,"column":14},"end":{"line":48,"column":79}},"type":"cond-expr","locations":[{"start":{"line":48,"column":28},"end":{"line":48,"column":52}},{"start":{"line":48,"column":55},"end":{"line":48,"column":79}}],"line":48},"3":{"loc":{"start":{"line":53,"column":11},"end":{"line":53,"column":54}},"type":"binary-expr","locations":[{"start":{"line":53,"column":11},"end":{"line":53,"column":23}},{"start":{"line":53,"column":27},"end":{"line":53,"column":54}}],"line":53}},"s":{"0":3,"1":3,"2":1,"3":2,"4":3,"5":3,"6":3,"7":3,"8":1,"9":1,"10":1,"11":2,"12":1,"13":1,"14":3,"15":10,"16":10,"17":3,"18":7,"19":1,"20":3,"21":7,"22":10,"23":0,"24":0},"f":{"0":3,"1":1,"2":3,"3":1,"4":2,"5":10,"6":1,"7":7,"8":10,"9":0,"10":0},"b":{"0":[1,1],"1":[3,7],"2":[1,6],"3":[7,6]},"_coverageSchema":"1a1c01bbd47fc00a2c39e90264f33305004495a9","hash":"df7cd1c95336fc4017ff0137361e9724249378cd"}
,"/Users/rakeshsr/react-native/Tringconnect/src/Component/Home/activity-style.ts": {"path":"/Users/rakeshsr/react-native/Tringconnect/src/Component/Home/activity-style.ts","statementMap":{"0":{"start":{"line":3,"column":22},"end":{"line":266,"column":2}}},"fnMap":{},"branchMap":{},"s":{"0":3},"f":{},"b":{},"_coverageSchema":"1a1c01bbd47fc00a2c39e90264f33305004495a9","hash":"c31fed5ec4b03e4c089cf327165134a77c2165cb"}
,"/Users/rakeshsr/react-native/Tringconnect/src/Component/Home/comment-style.ts": {"path":"/Users/rakeshsr/react-native/Tringconnect/src/Component/Home/comment-style.ts","statementMap":{"0":{"start":{"line":3,"column":15},"end":{"line":3,"column":35}},"1":{"start":{"line":5,"column":22},"end":{"line":34,"column":2}}},"fnMap":{},"branchMap":{"0":{"loc":{"start":{"line":28,"column":13},"end":{"line":28,"column":43}},"type":"cond-expr","locations":[{"start":{"line":28,"column":36},"end":{"line":28,"column":38}},{"start":{"line":28,"column":41},"end":{"line":28,"column":43}}],"line":28}},"s":{"0":2,"1":2},"f":{},"b":{"0":[2,0]},"_coverageSchema":"1a1c01bbd47fc00a2c39e90264f33305004495a9","hash":"d990d5e449549e6d5ced744384588474c86f226d"}
,"/Users/rakeshsr/react-native/Tringconnect/src/Component/Home/data.ts": {"path":"/Users/rakeshsr/react-native/Tringconnect/src/Component/Home/data.ts","statementMap":{"0":{"start":{"line":1,"column":24},"end":{"line":51,"column":1}},"1":{"start":{"line":53,"column":22},"end":{"line":85,"column":1}}},"fnMap":{},"branchMap":{},"s":{"0":2,"1":2},"f":{},"b":{},"_coverageSchema":"1a1c01bbd47fc00a2c39e90264f33305004495a9","hash":"8fcc5225fbbd22932d3dc31c323c49178edd2cbf"}
,"/Users/rakeshsr/react-native/Tringconnect/src/Component/Home/index.tsx": {"path":"/Users/rakeshsr/react-native/Tringconnect/src/Component/Home/index.tsx","statementMap":{"0":{"start":{"line":7,"column":20},"end":{"line":18,"column":1}},"1":{"start":{"line":8,"column":2},"end":{"line":17,"column":4}},"2":{"start":{"line":20,"column":14},"end":{"line":32,"column":2}}},"fnMap":{"0":{"name":"(anonymous_0)","decl":{"start":{"line":7,"column":20},"end":{"line":7,"column":21}},"loc":{"start":{"line":7,"column":26},"end":{"line":18,"column":1}},"line":7}},"branchMap":{"0":{"loc":{"start":{"line":28,"column":16},"end":{"line":28,"column":45}},"type":"cond-expr","locations":[{"start":{"line":28,"column":39},"end":{"line":28,"column":41}},{"start":{"line":28,"column":44},"end":{"line":28,"column":45}}],"line":28}},"s":{"0":1,"1":1,"2":1},"f":{"0":1},"b":{"0":[1,0]},"_coverageSchema":"1a1c01bbd47fc00a2c39e90264f33305004495a9","hash":"72a1c83a26691cc823dc78da46cd5b18829db6b9"}
,"/Users/rakeshsr/react-native/Tringconnect/src/Component/Home/latest-courses.ts": {"path":"/Users/rakeshsr/react-native/Tringconnect/src/Component/Home/latest-courses.ts","statementMap":{"0":{"start":{"line":3,"column":22},"end":{"line":55,"column":2}}},"fnMap":{},"branchMap":{},"s":{"0":2},"f":{},"b":{},"_coverageSchema":"1a1c01bbd47fc00a2c39e90264f33305004495a9","hash":"98cde8c90d0da5f3008973a295b8ba9e66de4b87"}
,"/Users/rakeshsr/react-native/Tringconnect/src/Component/Home/status-style.tsx": {"path":"/Users/rakeshsr/react-native/Tringconnect/src/Component/Home/status-style.tsx","statementMap":{"0":{"start":{"line":2,"column":15},"end":{"line":2,"column":35}},"1":{"start":{"line":4,"column":22},"end":{"line":66,"column":2}}},"fnMap":{},"branchMap":{"0":{"loc":{"start":{"line":28,"column":11},"end":{"line":28,"column":27}},"type":"cond-expr","locations":[{"start":{"line":28,"column":20},"end":{"line":28,"column":22}},{"start":{"line":28,"column":25},"end":{"line":28,"column":27}}],"line":28},"1":{"loc":{"start":{"line":29,"column":12},"end":{"line":29,"column":28}},"type":"cond-expr","locations":[{"start":{"line":29,"column":21},"end":{"line":29,"column":23}},{"start":{"line":29,"column":26},"end":{"line":29,"column":28}}],"line":29}},"s":{"0":2,"1":2},"f":{},"b":{"0":[2,0],"1":[2,0]},"_coverageSchema":"1a1c01bbd47fc00a2c39e90264f33305004495a9","hash":"598fccaab1d786e73da233745d8721f7dee5d636"}
,"/Users/rakeshsr/react-native/Tringconnect/src/Component/Layout/BottomNavigation.tsx": {"path":"/Users/rakeshsr/react-native/Tringconnect/src/Component/Layout/BottomNavigation.tsx","statementMap":{"0":{"start":{"line":5,"column":32},"end":{"line":68,"column":1}},"1":{"start":{"line":6,"column":28},"end":{"line":6,"column":39}},"2":{"start":{"line":7,"column":2},"end":{"line":67,"column":4}},"3":{"start":{"line":10,"column":34},"end":{"line":10,"column":45}},"4":{"start":{"line":21,"column":34},"end":{"line":21,"column":45}},"5":{"start":{"line":32,"column":34},"end":{"line":32,"column":45}},"6":{"start":{"line":43,"column":34},"end":{"line":43,"column":45}},"7":{"start":{"line":54,"column":34},"end":{"line":54,"column":45}}},"fnMap":{"0":{"name":"(anonymous_0)","decl":{"start":{"line":5,"column":32},"end":{"line":5,"column":33}},"loc":{"start":{"line":5,"column":38},"end":{"line":68,"column":1}},"line":5},"1":{"name":"(anonymous_1)","decl":{"start":{"line":10,"column":28},"end":{"line":10,"column":29}},"loc":{"start":{"line":10,"column":34},"end":{"line":10,"column":45}},"line":10},"2":{"name":"(anonymous_2)","decl":{"start":{"line":21,"column":28},"end":{"line":21,"column":29}},"loc":{"start":{"line":21,"column":34},"end":{"line":21,"column":45}},"line":21},"3":{"name":"(anonymous_3)","decl":{"start":{"line":32,"column":28},"end":{"line":32,"column":29}},"loc":{"start":{"line":32,"column":34},"end":{"line":32,"column":45}},"line":32},"4":{"name":"(anonymous_4)","decl":{"start":{"line":43,"column":28},"end":{"line":43,"column":29}},"loc":{"start":{"line":43,"column":34},"end":{"line":43,"column":45}},"line":43},"5":{"name":"(anonymous_5)","decl":{"start":{"line":54,"column":28},"end":{"line":54,"column":29}},"loc":{"start":{"line":54,"column":34},"end":{"line":54,"column":45}},"line":54}},"branchMap":{"0":{"loc":{"start":{"line":13,"column":14},"end":{"line":15,"column":59}},"type":"cond-expr","locations":[{"start":{"line":14,"column":18},"end":{"line":14,"column":57}},{"start":{"line":15,"column":18},"end":{"line":15,"column":59}}],"line":13},"1":{"loc":{"start":{"line":19,"column":11},"end":{"line":19,"column":52}},"type":"binary-expr","locations":[{"start":{"line":19,"column":11},"end":{"line":19,"column":22}},{"start":{"line":19,"column":26},"end":{"line":19,"column":52}}],"line":19},"2":{"loc":{"start":{"line":24,"column":14},"end":{"line":26,"column":59}},"type":"cond-expr","locations":[{"start":{"line":25,"column":18},"end":{"line":25,"column":56}},{"start":{"line":26,"column":18},"end":{"line":26,"column":59}}],"line":24},"3":{"loc":{"start":{"line":30,"column":11},"end":{"line":30,"column":52}},"type":"binary-expr","locations":[{"start":{"line":30,"column":11},"end":{"line":30,"column":22}},{"start":{"line":30,"column":26},"end":{"line":30,"column":52}}],"line":30},"4":{"loc":{"start":{"line":35,"column":14},"end":{"line":37,"column":55}},"type":"cond-expr","locations":[{"start":{"line":36,"column":18},"end":{"line":36,"column":57}},{"start":{"line":37,"column":18},"end":{"line":37,"column":55}}],"line":35},"5":{"loc":{"start":{"line":41,"column":11},"end":{"line":41,"column":52}},"type":"binary-expr","locations":[{"start":{"line":41,"column":11},"end":{"line":41,"column":22}},{"start":{"line":41,"column":26},"end":{"line":41,"column":52}}],"line":41},"6":{"loc":{"start":{"line":46,"column":14},"end":{"line":48,"column":57}},"type":"cond-expr","locations":[{"start":{"line":47,"column":18},"end":{"line":47,"column":59}},{"start":{"line":48,"column":18},"end":{"line":48,"column":57}}],"line":46},"7":{"loc":{"start":{"line":52,"column":11},"end":{"line":52,"column":52}},"type":"binary-expr","locations":[{"start":{"line":52,"column":11},"end":{"line":52,"column":22}},{"start":{"line":52,"column":26},"end":{"line":52,"column":52}}],"line":52},"8":{"loc":{"start":{"line":57,"column":14},"end":{"line":59,"column":55}},"type":"cond-expr","locations":[{"start":{"line":58,"column":18},"end":{"line":58,"column":57}},{"start":{"line":59,"column":18},"end":{"line":59,"column":55}}],"line":57},"9":{"loc":{"start":{"line":63,"column":11},"end":{"line":63,"column":52}},"type":"binary-expr","locations":[{"start":{"line":63,"column":11},"end":{"line":63,"column":22}},{"start":{"line":63,"column":26},"end":{"line":63,"column":52}}],"line":63}},"s":{"0":2,"1":10,"2":10,"3":1,"4":1,"5":1,"6":1,"7":1},"f":{"0":10,"1":1,"2":1,"3":1,"4":1,"5":1},"b":{"0":[6,4],"1":[10,6],"2":[1,9],"3":[10,1],"4":[1,9],"5":[10,1],"6":[1,9],"7":[10,1],"8":[1,9],"9":[10,1]},"_coverageSchema":"1a1c01bbd47fc00a2c39e90264f33305004495a9","hash":"e378b92e3aa831c365fca2d05d2efcc0a2863654"}
,"/Users/rakeshsr/react-native/Tringconnect/src/Component/Layout/Header.tsx": {"path":"/Users/rakeshsr/react-native/Tringconnect/src/Component/Layout/Header.tsx","statementMap":{"0":{"start":{"line":5,"column":22},"end":{"line":58,"column":1}},"1":{"start":{"line":6,"column":26},"end":{"line":6,"column":47}},"2":{"start":{"line":7,"column":30},"end":{"line":7,"column":51}},"3":{"start":{"line":8,"column":26},"end":{"line":8,"column":47}},"4":{"start":{"line":9,"column":32},"end":{"line":9,"column":52}},"5":{"start":{"line":11,"column":2},"end":{"line":57,"column":4}},"6":{"start":{"line":14,"column":34},"end":{"line":14,"column":48}},"7":{"start":{"line":31,"column":14},"end":{"line":31,"column":29}},"8":{"start":{"line":32,"column":14},"end":{"line":32,"column":32}},"9":{"start":{"line":44,"column":36},"end":{"line":44,"column":54}}},"fnMap":{"0":{"name":"(anonymous_0)","decl":{"start":{"line":5,"column":22},"end":{"line":5,"column":23}},"loc":{"start":{"line":5,"column":28},"end":{"line":58,"column":1}},"line":5},"1":{"name":"(anonymous_1)","decl":{"start":{"line":14,"column":28},"end":{"line":14,"column":29}},"loc":{"start":{"line":14,"column":34},"end":{"line":14,"column":48}},"line":14},"2":{"name":"(anonymous_2)","decl":{"start":{"line":30,"column":21},"end":{"line":30,"column":22}},"loc":{"start":{"line":30,"column":27},"end":{"line":33,"column":13}},"line":30},"3":{"name":"(anonymous_3)","decl":{"start":{"line":44,"column":30},"end":{"line":44,"column":31}},"loc":{"start":{"line":44,"column":36},"end":{"line":44,"column":54}},"line":44}},"branchMap":{"0":{"loc":{"start":{"line":17,"column":14},"end":{"line":19,"column":50}},"type":"cond-expr","locations":[{"start":{"line":18,"column":18},"end":{"line":18,"column":57}},{"start":{"line":19,"column":18},"end":{"line":19,"column":50}}],"line":17},"1":{"loc":{"start":{"line":34,"column":13},"end":{"line":34,"column":50}},"type":"binary-expr","locations":[{"start":{"line":34,"column":13},"end":{"line":34,"column":20}},{"start":{"line":34,"column":24},"end":{"line":34,"column":50}}],"line":34},"2":{"loc":{"start":{"line":37,"column":16},"end":{"line":39,"column":52}},"type":"cond-expr","locations":[{"start":{"line":38,"column":20},"end":{"line":38,"column":59}},{"start":{"line":39,"column":20},"end":{"line":39,"column":52}}],"line":37},"3":{"loc":{"start":{"line":47,"column":16},"end":{"line":49,"column":54}},"type":"cond-expr","locations":[{"start":{"line":48,"column":20},"end":{"line":48,"column":61}},{"start":{"line":49,"column":20},"end":{"line":49,"column":54}}],"line":47}},"s":{"0":2,"1":7,"2":7,"3":7,"4":7,"5":7,"6":1,"7":1,"8":1,"9":1},"f":{"0":7,"1":1,"2":1,"3":1},"b":{"0":[1,6],"1":[7,6],"2":[1,6],"3":[1,6]},"_coverageSchema":"1a1c01bbd47fc00a2c39e90264f33305004495a9","hash":"0b56de9b617b73330aff1502ca2a6a4460befab9"}
,"/Users/rakeshsr/react-native/Tringconnect/src/Component/Layout/bottom-style.ts": {"path":"/Users/rakeshsr/react-native/Tringconnect/src/Component/Layout/bottom-style.ts","statementMap":{"0":{"start":{"line":3,"column":21},"end":{"line":29,"column":2}}},"fnMap":{},"branchMap":{},"s":{"0":2},"f":{},"b":{},"_coverageSchema":"1a1c01bbd47fc00a2c39e90264f33305004495a9","hash":"dd49f40d8e07d1361b3a732312ae3c61473c62c8"}
,"/Users/rakeshsr/react-native/Tringconnect/src/Component/Layout/header-style.ts": {"path":"/Users/rakeshsr/react-native/Tringconnect/src/Component/Layout/header-style.ts","statementMap":{"0":{"start":{"line":3,"column":15},"end":{"line":3,"column":35}},"1":{"start":{"line":5,"column":21},"end":{"line":44,"column":2}}},"fnMap":{},"branchMap":{"0":{"loc":{"start":{"line":8,"column":12},"end":{"line":8,"column":28}},"type":"cond-expr","locations":[{"start":{"line":8,"column":21},"end":{"line":8,"column":23}},{"start":{"line":8,"column":26},"end":{"line":8,"column":28}}],"line":8},"1":{"loc":{"start":{"line":10,"column":9},"end":{"line":10,"column":24}},"type":"cond-expr","locations":[{"start":{"line":10,"column":18},"end":{"line":10,"column":20}},{"start":{"line":10,"column":23},"end":{"line":10,"column":24}}],"line":10}},"s":{"0":2,"1":2},"f":{},"b":{"0":[2,0],"1":[2,0]},"_coverageSchema":"1a1c01bbd47fc00a2c39e90264f33305004495a9","hash":"ebb503de698979916866d7af4cef28ab2ac15d13"}
,"/Users/rakeshsr/react-native/Tringconnect/src/Component/Layout/index.tsx": {"path":"/Users/rakeshsr/react-native/Tringconnect/src/Component/Layout/index.tsx","statementMap":{"0":{"start":{"line":6,"column":22},"end":{"line":14,"column":1}},"1":{"start":{"line":7,"column":2},"end":{"line":13,"column":4}}},"fnMap":{"0":{"name":"(anonymous_0)","decl":{"start":{"line":6,"column":22},"end":{"line":6,"column":23}},"loc":{"start":{"line":6,"column":28},"end":{"line":14,"column":1}},"line":6}},"branchMap":{},"s":{"0":1,"1":1},"f":{"0":1},"b":{},"_coverageSchema":"1a1c01bbd47fc00a2c39e90264f33305004495a9","hash":"9ecb40c4a32617b7f6db8c61dcdb7680802311fd"}
}
