TN:
SF:src/Component/Home/Activity.tsx
FN:9,(anonymous_0)
FN:10,(anonymous_1)
FN:82,(anonymous_2)
FN:83,(anonymous_3)
FNF:4
FNH:4
FNDA:1,(anonymous_0)
FNDA:4,(anonymous_1)
FNDA:3,(anonymous_2)
FNDA:4,(anonymous_3)
DA:9,1
DA:10,1
DA:11,4
DA:12,4
DA:80,1
DA:82,3
DA:83,4
LF:7
LH:7
BRDA:11,0,0,1
BRDA:11,0,1,3
BRDA:17,1,0,4
BRDA:17,1,1,3
BRDA:22,2,0,4
BRDA:22,2,1,3
BRDA:35,3,0,4
BRDA:35,3,1,3
BRDA:45,4,0,1
BRDA:45,4,1,3
BRDA:51,5,0,1
BRDA:51,5,1,2
BRF:12
BRH:12
end_of_record
TN:
SF:src/Component/Home/Comments.tsx
FN:7,useForceUpdate
FN:9,(anonymous_1)
FN:12,(anonymous_2)
FN:18,(anonymous_3)
FN:23,(anonymous_4)
FN:37,(anonymous_5)
FN:38,(anonymous_6)
FN:55,(anonymous_7)
FN:93,(anonymous_8)
FN:94,(anonymous_9)
FN:97,(anonymous_10)
FNF:11
FNH:6
FNDA:9,useForceUpdate
FNDA:1,(anonymous_1)
FNDA:9,(anonymous_2)
FNDA:0,(anonymous_3)
FNDA:0,(anonymous_4)
FNDA:1,(anonymous_5)
FNDA:4,(anonymous_6)
FNDA:1,(anonymous_7)
FNDA:0,(anonymous_8)
FNDA:0,(anonymous_9)
FNDA:0,(anonymous_10)
DA:8,9
DA:9,9
DA:12,2
DA:13,9
DA:14,9
DA:15,9
DA:16,9
DA:18,9
DA:19,0
DA:20,0
DA:21,0
DA:22,0
DA:23,0
DA:24,0
DA:25,0
DA:30,9
DA:38,1
DA:39,4
DA:40,1
DA:43,1
DA:55,1
DA:93,0
DA:94,0
DA:98,0
LF:24
LH:14
BRDA:19,0,0,0
BRDA:19,0,1,0
BRDA:39,1,0,1
BRDA:39,1,1,3
BRDA:47,2,0,0
BRDA:47,2,1,9
BRDA:54,3,0,0
BRDA:54,3,1,9
BRDA:88,4,0,0
BRDA:88,4,1,9
BRDA:117,5,0,9
BRDA:117,5,1,1
BRF:12
BRH:7
end_of_record
TN:
SF:src/Component/Home/LatestCourses.tsx
FN:33,useForceUpdate
FN:35,(anonymous_1)
FN:38,(anonymous_2)
FN:41,(anonymous_3)
FN:47,(anonymous_4)
FN:48,(anonymous_5)
FN:76,(anonymous_6)
FN:77,(anonymous_7)
FNF:8
FNH:8
FNDA:4,useForceUpdate
FNDA:1,(anonymous_1)
FNDA:4,(anonymous_2)
FNDA:12,(anonymous_3)
FNDA:1,(anonymous_4)
FNDA:3,(anonymous_5)
FNDA:8,(anonymous_6)
FNDA:12,(anonymous_7)
DA:12,2
DA:34,4
DA:35,4
DA:38,2
DA:39,4
DA:41,4
DA:42,12
DA:48,1
DA:49,3
DA:50,1
DA:53,1
DA:74,4
DA:76,8
DA:77,12
LF:14
LH:14
BRDA:49,0,0,1
BRDA:49,0,1,2
BRDA:57,1,0,1
BRDA:57,1,1,11
BRF:4
BRH:4
end_of_record
TN:
SF:src/Component/Home/RenderImageVideo.tsx
FN:9,(anonymous_0)
FN:12,(anonymous_1)
FN:17,(anonymous_2)
FN:30,(anonymous_3)
FN:39,(anonymous_4)
FN:45,(anonymous_5)
FN:53,(anonymous_6)
FN:59,(anonymous_7)
FN:67,(anonymous_8)
FN:73,(anonymous_9)
FNF:10
FNH:7
FNDA:15,(anonymous_0)
FNDA:6,(anonymous_1)
FNDA:0,(anonymous_2)
FNDA:1,(anonymous_3)
FNDA:1,(anonymous_4)
FNDA:1,(anonymous_5)
FNDA:1,(anonymous_6)
FNDA:2,(anonymous_7)
FNDA:0,(anonymous_8)
FNDA:0,(anonymous_9)
DA:7,2
DA:9,2
DA:10,15
DA:11,15
DA:12,15
DA:13,6
DA:14,6
DA:17,15
DA:18,0
DA:27,15
DA:30,1
DA:39,1
DA:45,1
DA:53,1
DA:59,2
DA:67,0
DA:73,0
LF:17
LH:14
BRDA:29,0,0,15
BRDA:29,0,1,4
BRDA:34,1,0,15
BRDA:34,1,1,11
BRF:4
BRH:4
end_of_record
TN:
SF:src/Component/Home/Status.tsx
FN:6,useForceUpdate
FN:8,(anonymous_1)
FN:11,(anonymous_2)
FN:16,(anonymous_3)
FN:19,(anonymous_4)
FN:27,(anonymous_5)
FN:43,(anonymous_6)
FN:62,(anonymous_7)
FN:63,(anonymous_8)
FN:70,(anonymous_9)
FN:75,(anonymous_10)
FNF:11
FNH:9
FNDA:3,useForceUpdate
FNDA:1,(anonymous_1)
FNDA:3,(anonymous_2)
FNDA:1,(anonymous_3)
FNDA:2,(anonymous_4)
FNDA:10,(anonymous_5)
FNDA:1,(anonymous_6)
FNDA:7,(anonymous_7)
FNDA:10,(anonymous_8)
FNDA:0,(anonymous_9)
FNDA:0,(anonymous_10)
DA:7,3
DA:8,3
DA:11,2
DA:12,3
DA:13,3
DA:14,3
DA:16,3
DA:17,1
DA:18,1
DA:19,1
DA:20,2
DA:21,1
DA:24,1
DA:27,3
DA:28,10
DA:29,10
DA:30,3
DA:42,7
DA:43,1
DA:58,3
DA:62,7
DA:63,10
DA:70,0
DA:75,0
LF:24
LH:22
BRDA:20,0,0,1
BRDA:20,0,1,1
BRDA:29,1,0,3
BRDA:29,1,1,7
BRDA:48,2,0,1
BRDA:48,2,1,6
BRDA:53,3,0,7
BRDA:53,3,1,6
BRF:8
BRH:8
end_of_record
TN:
SF:src/Component/Home/activity-style.ts
FNF:0
FNH:0
DA:3,3
LF:1
LH:1
BRF:0
BRH:0
end_of_record
TN:
SF:src/Component/Home/comment-style.ts
FNF:0
FNH:0
DA:3,2
DA:5,2
LF:2
LH:2
BRDA:28,0,0,2
BRDA:28,0,1,0
BRF:2
BRH:1
end_of_record
TN:
SF:src/Component/Home/data.ts
FNF:0
FNH:0
DA:1,2
DA:53,2
LF:2
LH:2
BRF:0
BRH:0
end_of_record
TN:
SF:src/Component/Home/index.tsx
FN:7,(anonymous_0)
FNF:1
FNH:1
FNDA:1,(anonymous_0)
DA:7,1
DA:8,1
DA:20,1
LF:3
LH:3
BRDA:28,0,0,1
BRDA:28,0,1,0
BRF:2
BRH:1
end_of_record
TN:
SF:src/Component/Home/latest-courses.ts
FNF:0
FNH:0
DA:3,2
LF:1
LH:1
BRF:0
BRH:0
end_of_record
TN:
SF:src/Component/Home/status-style.tsx
FNF:0
FNH:0
DA:2,2
DA:4,2
LF:2
LH:2
BRDA:28,0,0,2
BRDA:28,0,1,0
BRDA:29,1,0,2
BRDA:29,1,1,0
BRF:4
BRH:2
end_of_record
TN:
SF:src/Component/Layout/BottomNavigation.tsx
FN:5,(anonymous_0)
FN:10,(anonymous_1)
FN:21,(anonymous_2)
FN:32,(anonymous_3)
FN:43,(anonymous_4)
FN:54,(anonymous_5)
FNF:6
FNH:6
FNDA:10,(anonymous_0)
FNDA:1,(anonymous_1)
FNDA:1,(anonymous_2)
FNDA:1,(anonymous_3)
FNDA:1,(anonymous_4)
FNDA:1,(anonymous_5)
DA:5,2
DA:6,10
DA:7,10
DA:10,1
DA:21,1
DA:32,1
DA:43,1
DA:54,1
LF:8
LH:8
BRDA:13,0,0,6
BRDA:13,0,1,4
BRDA:19,1,0,10
BRDA:19,1,1,6
BRDA:24,2,0,1
BRDA:24,2,1,9
BRDA:30,3,0,10
BRDA:30,3,1,1
BRDA:35,4,0,1
BRDA:35,4,1,9
BRDA:41,5,0,10
BRDA:41,5,1,1
BRDA:46,6,0,1
BRDA:46,6,1,9
BRDA:52,7,0,10
BRDA:52,7,1,1
BRDA:57,8,0,1
BRDA:57,8,1,9
BRDA:63,9,0,10
BRDA:63,9,1,1
BRF:20
BRH:20
end_of_record
TN:
SF:src/Component/Layout/Header.tsx
FN:5,(anonymous_0)
FN:14,(anonymous_1)
FN:30,(anonymous_2)
FN:44,(anonymous_3)
FNF:4
FNH:4
FNDA:7,(anonymous_0)
FNDA:1,(anonymous_1)
FNDA:1,(anonymous_2)
FNDA:1,(anonymous_3)
DA:5,2
DA:6,7
DA:7,7
DA:8,7
DA:9,7
DA:11,7
DA:14,1
DA:31,1
DA:32,1
DA:44,1
LF:10
LH:10
BRDA:17,0,0,1
BRDA:17,0,1,6
BRDA:34,1,0,7
BRDA:34,1,1,6
BRDA:37,2,0,1
BRDA:37,2,1,6
BRDA:47,3,0,1
BRDA:47,3,1,6
BRF:8
BRH:8
end_of_record
TN:
SF:src/Component/Layout/bottom-style.ts
FNF:0
FNH:0
DA:3,2
LF:1
LH:1
BRF:0
BRH:0
end_of_record
TN:
SF:src/Component/Layout/header-style.ts
FNF:0
FNH:0
DA:3,2
DA:5,2
LF:2
LH:2
BRDA:8,0,0,2
BRDA:8,0,1,0
BRDA:10,1,0,2
BRDA:10,1,1,0
BRF:4
BRH:2
end_of_record
TN:
SF:src/Component/Layout/index.tsx
FN:6,(anonymous_0)
FNF:1
FNH:1
FNDA:1,(anonymous_0)
DA:6,1
DA:7,1
LF:2
LH:2
BRF:0
BRH:0
end_of_record
